<?xml version='1.0'?>
<ns2:test-suite xmlns:ns2='urn:model.allure.qatools.yandex.ru' start='1653466780597' stop='1653466802447'>
    <name>My Login application</name>
    <title>My Login application</title>
    <test-cases>
        <test-case start='1653466780597' status='broken' stop='1653466792038'>
            <name>should login with valid credentials</name>
            <title>should login with valid credentials</title>
            <labels>
                <label name='language' value='javascript'/>
                <label name='framework' value='wdio'/>
                <label name='thread' value='0-0'/>
            </labels>
            <parameters>
                <parameter kind='argument' name='browser' value='chrome-102.0.5005.61'/>
            </parameters>
            <steps/>
            <attachments/>
            <failure>
                <message>Can't call setValue on element with selector "#username" because element wasn't found</message>
                <stack-trace>Error: Can't call setValue on element with selector "#username" because element wasn't found
                    at LoginPage.login (/Users/priyankagund/Documents/Github/webdriveio-e2e-test/test/pageobjects/login.page.js:29:9)
                    at Context.&lt;anonymous> (/Users/priyankagund/Documents/Github/webdriveio-e2e-test/test/specs/example.e2e.js:8:9)</stack-trace>
            </failure>
        </test-case>
        <test-case start='1653466792039' status='broken' stop='1653466802446'>
            <name>alert message for besic auth</name>
            <title>alert message for besic auth</title>
            <labels>
                <label name='language' value='javascript'/>
                <label name='framework' value='wdio'/>
                <label name='thread' value='0-0'/>
            </labels>
            <parameters>
                <parameter kind='argument' name='browser' value='chrome-102.0.5005.61'/>
            </parameters>
            <steps/>
            <attachments/>
            <failure>
                <message>Can't call click on element with selector "#checkboxes" because element wasn't found</message>
                <stack-trace>Error: Can't call click on element with selector "#checkboxes" because element wasn't found
                    at Context.&lt;anonymous> (/Users/priyankagund/Documents/Github/webdriveio-e2e-test/test/specs/example.e2e.js:16:9)</stack-trace>
            </failure>
        </test-case>
    </test-cases>
</ns2:test-suite>